Grading Session: Fri Feb 13 07:56:51 UTC 2026
-----------------------------------

Grading: student_1
Building student_1...
#0 building with "default" instance using docker driver

#1 [internal] load build definition from Dockerfile
#1 transferring dockerfile: 110B done
#1 DONE 0.0s

#2 [internal] load metadata for docker.io/library/python:3.12-slim
#2 DONE 0.1s

#3 [internal] load .dockerignore
#3 transferring context: 2B done
#3 DONE 0.0s

#4 [1/3] FROM docker.io/library/python:3.12-slim@sha256:9e01bf1ae5db7649a236da7be1e94ffbbbdd7a93f867dd0d8d5720d9e1f89fab
#4 DONE 0.0s

#5 [internal] load build context
#5 transferring context: 27B done
#5 DONE 0.0s

#6 [2/3] WORKDIR /app
#6 CACHED

#7 [3/3] COPY app.py .
#7 CACHED

#8 exporting to image
#8 exporting layers done
#8 writing image sha256:8115ea6da45b147b348586f7c63cbec0edd62cbac193d2983bf799122787a1c9 done
#8 naming to docker.io/library/student_app:student_1 done
#8 DONE 0.0s
Test 1: input.txt
  PASS
Summary: 1/1 tests passed -> Score: 100
-----------------------------------

Grading: student_2
Building student_2...
#0 building with "default" instance using docker driver

#1 [internal] load build definition from Dockerfile
#1 transferring dockerfile: 113B done
#1 DONE 0.0s

#2 [internal] load metadata for docker.io/library/python:3.12-slim
#2 DONE 0.1s

#3 [internal] load .dockerignore
#3 transferring context: 2B done
#3 DONE 0.0s

#4 [1/3] FROM docker.io/library/python:3.12-slim@sha256:9e01bf1ae5db7649a236da7be1e94ffbbbdd7a93f867dd0d8d5720d9e1f89fab
#4 DONE 0.0s

#5 [internal] load build context
#5 transferring context: 28B done
#5 DONE 0.0s

#6 [2/3] WORKDIR /app
#6 CACHED

#7 [3/3] COPY app2.py .
#7 CACHED

#8 exporting to image
#8 exporting layers done
#8 writing image sha256:fa618d0715d9c3cf7f35b9a57831056cbb58ca27660fcb562556853e5c15c606 done
#8 naming to docker.io/library/student_app:student_2 done
#8 DONE 0.0s
Test 1: input.txt
  PASS
Summary: 1/1 tests passed -> Score: 100
-----------------------------------
